2025/04/24 20:28:34 Sending task: Add 71 41 LOW
2025/04/24 20:28:34 Sending task: Add 96 11 LOW
2025/04/24 20:28:34 Sending task: Add 54 22 LOW
2025/04/24 20:28:34 Received: 71 + 41 = 112
2025/04/24 20:28:34 Received: 96 + 11 = 107
2025/04/24 20:28:34 Received: 54 + 22 = 76
2025/04/24 20:28:34 Sending task: Minus 25 91 MEDIUM
2025/04/24 20:28:34 Sending task: Minus 85 25 MEDIUM
2025/04/24 20:28:34 Sending task: Minus 73 40 MEDIUM
2025/04/24 20:28:34 Sending task: Add 74 11 LOW
2025/04/24 20:28:34 Sending task: Add 47 45 LOW
2025/04/24 20:28:34 Sending task: Multiply 66 98 HIGH
2025/04/24 20:28:34 Sending task: Multiply 54 90 HIGH
2025/04/24 20:28:34 Sending task: Multiply 70 70 HIGH
2025/04/24 20:28:34 Sending task: Minus 27 75 MEDIUM
2025/04/24 20:28:34 Sending task: Minus 8 10 MEDIUM
2025/04/24 20:28:34 Sending task: Subtract 14 49 LOW
2025/04/24 20:28:34 Sending task: Subtract 17 63 LOW
2025/04/24 20:28:34 Sending task: Subtract 10 60 LOW
2025/04/24 20:28:34 Sending task: Multiply 80 31 HIGH
2025/04/24 20:28:34 Sending task: Multiply 97 60 HIGH
2025/04/24 20:28:34 Sending task: Power 59 20 MEDIUM
2025/04/24 20:28:34 Sending task: Power 33 30 MEDIUM
2025/04/24 20:28:34 Sending task: Power 51 83 MEDIUM
2025/04/24 20:28:34 Sending task: Subtract 85 30 LOW
2025/04/24 20:28:34 Sending task: Subtract 60 14 LOW
2025/04/24 20:28:34 Sending task: Mod 42 16 HIGH
2025/04/24 20:28:34 Sending task: Mod 9 62 HIGH
2025/04/24 20:28:34 Sending task: Mod 65 98 HIGH
2025/04/24 20:28:34 Sending task: Power 8 59 MEDIUM
2025/04/24 20:28:34 Sending task: Power 26 98 MEDIUM
2025/04/24 20:28:34 Sending task: Add 65 96 LOW
2025/04/24 20:28:34 Sending task: Add 89 38 LOW
2025/04/24 20:28:34 Sending task: Add 49 22 LOW
2025/04/24 20:28:34 Sending task: Mod 55 39 HIGH
2025/04/24 20:28:34 Sending task: Mod 91 92 HIGH
2025/04/24 20:28:34 Sending task: Minus 77 99 MEDIUM
2025/04/24 20:28:34 Sending task: Minus 30 11 MEDIUM
2025/04/24 20:28:34 Sending task: Minus 0 14 MEDIUM
2025/04/24 20:28:34 Sending task: Add 63 49 LOW
2025/04/24 20:28:34 Sending task: Add 19 29 LOW
2025/04/24 20:28:34 Sending task: Multiply 66 14 HIGH
2025/04/24 20:28:34 Sending task: Multiply 75 89 HIGH
2025/04/24 20:28:34 Sending task: Multiply 48 97 HIGH
2025/04/24 20:28:34 Sending task: Minus 49 75 MEDIUM
2025/04/24 20:28:34 Sending task: Minus 41 44 MEDIUM
2025/04/24 20:28:35 Sending task: Subtract 52 25 LOW
2025/04/24 20:28:35 Sending task: Subtract 18 67 LOW
2025/04/24 20:28:35 Sending task: Subtract 37 88 LOW
2025/04/24 20:28:35 Received: 66 * 98 = 6468
2025/04/24 20:28:35 Received: 54 * 90 = 4860
2025/04/24 20:28:35 Received: 70 * 70 = 4900
2025/04/24 20:28:35 Received: 80 * 31 = 2480
2025/04/24 20:28:35 Received: 97 * 60 = 5820
2025/04/24 20:28:35 Received: 42 % 16 = 10
2025/04/24 20:28:35 Received: 9 % 62 = 9
2025/04/24 20:28:35 Received: 65 % 98 = 65
2025/04/24 20:28:35 Received: 55 % 39 = 16
2025/04/24 20:28:35 Received: 91 % 92 = 91
2025/04/24 20:28:35 Received: 66 * 14 = 924
2025/04/24 20:28:35 Received: 75 * 89 = 6675
2025/04/24 20:28:35 Received: 48 * 97 = 4656
2025/04/24 20:28:35 Received: 25 - 91 = -66
2025/04/24 20:28:35 Received: 85 - 25 = 60
2025/04/24 20:28:35 Received: 73 - 40 = 33
2025/04/24 20:28:35 Received: 27 - 75 = -48
2025/04/24 20:28:35 Received: 8 - 10 = -2
2025/04/24 20:28:35 Received: 59 ^ 20 = -9119844914577963727
2025/04/24 20:28:35 Received: 33 ^ 30 = -896348285281447999
2025/04/24 20:28:35 Received: 51 ^ 83 = 5998298425002593259
2025/04/24 20:28:35 Received: 8 ^ 59 = 0
2025/04/24 20:28:35 Received: 26 ^ 98 = 0
2025/04/24 20:28:35 Received: 77 - 99 = -22
2025/04/24 20:28:35 Received: 30 - 11 = 19
2025/04/24 20:28:35 Received: 0 - 14 = -14
2025/04/24 20:28:35 Received: 49 - 75 = -26
2025/04/24 20:28:35 Received: 41 - 44 = -3
2025/04/24 20:28:35 Received: 74 + 11 = 85
2025/04/24 20:28:35 Received: 47 + 45 = 92
2025/04/24 20:28:35 Received: 14 / 49 = 0
2025/04/24 20:28:35 Received: 17 / 63 = 0
2025/04/24 20:28:35 Received: 10 / 60 = 0
2025/04/24 20:28:35 Received: 85 / 30 = 2
2025/04/24 20:28:35 Received: 60 / 14 = 4
2025/04/24 20:28:35 Received: 65 + 96 = 161
2025/04/24 20:28:35 Received: 89 + 38 = 127
2025/04/24 20:28:35 Received: 49 + 22 = 71
2025/04/24 20:28:35 Received: 63 + 49 = 112
2025/04/24 20:28:35 Received: 19 + 29 = 48
2025/04/24 20:28:35 Received: 52 / 25 = 2
2025/04/24 20:28:35 Received: 18 / 67 = 0
2025/04/24 20:28:35 Received: 37 / 88 = 0
2025/04/24 20:28:35 Sending task: Multiply 26 6 HIGH
2025/04/24 20:28:35 Sending task: Multiply 23 30 HIGH
2025/04/24 20:28:35 All tasks completed.
2025/04/24 20:28:35 All tasks completed.
2025/04/24 20:28:35 All tasks completed.
2025/04/24 20:28:35 Sending task: Subtract 42 57 LOW
2025/04/24 20:28:35 Sending task: Subtract 71 6 LOW
2025/04/24 20:28:35 Received: 26 * 6 = 156
2025/04/24 20:28:35 Received: 23 * 30 = 690
2025/04/24 20:28:35 Received: 42 / 57 = 0
2025/04/24 20:28:35 Received: 71 / 6 = 11
2025/04/24 20:28:35 All tasks completed.
2025/04/24 20:28:35 All tasks completed.
