2025/04/24 20:28:04 Worker connected to 127.0.0.1:50051
2025/04/24 20:28:04 Requesting task...
2025/04/24 20:28:05 Requesting task...
2025/04/24 20:28:06 Requesting task...
2025/04/24 20:28:07 Requesting task...
2025/04/24 20:28:08 Requesting task...
2025/04/24 20:28:09 Requesting task...
2025/04/24 20:28:10 Requesting task...
2025/04/24 20:28:11 Requesting task...
2025/04/24 20:28:12 Requesting task...
2025/04/24 20:28:12 Worker connected to 127.0.0.1:50051
2025/04/24 20:28:12 Requesting task...
2025/04/24 20:28:13 Requesting task...
2025/04/24 20:28:13 Requesting task...
2025/04/24 20:28:14 Requesting task...
2025/04/24 20:28:14 Requesting task...
2025/04/24 20:28:15 Requesting task...
2025/04/24 20:28:15 Requesting task...
2025/04/24 20:28:16 Requesting task...
2025/04/24 20:28:16 Requesting task...
2025/04/24 20:28:17 Requesting task...
2025/04/24 20:28:17 Requesting task...
2025/04/24 20:28:18 Requesting task...
2025/04/24 20:28:18 Requesting task...
2025/04/24 20:28:19 Requesting task...
2025/04/24 20:28:19 Requesting task...
2025/04/24 20:28:20 Requesting task...
2025/04/24 20:28:20 Requesting task...
2025/04/24 20:28:21 Requesting task...
2025/04/24 20:28:21 Requesting task...
2025/04/24 20:28:22 Requesting task...
2025/04/24 20:28:22 Requesting task...
2025/04/24 20:28:23 Requesting task...
2025/04/24 20:28:23 Requesting task...
2025/04/24 20:28:24 Requesting task...
2025/04/24 20:28:24 Requesting task...
2025/04/24 20:28:25 Requesting task...
2025/04/24 20:28:25 Requesting task...
2025/04/24 20:28:26 Requesting task...
2025/04/24 20:28:26 Requesting task...
2025/04/24 20:28:27 Requesting task...
2025/04/24 20:28:27 Requesting task...
2025/04/24 20:28:28 Requesting task...
2025/04/24 20:28:28 Requesting task...
2025/04/24 20:28:29 Requesting task...
2025/04/24 20:28:29 Requesting task...
2025/04/24 20:28:30 Requesting task...
2025/04/24 20:28:30 Requesting task...
2025/04/24 20:28:31 Requesting task...
2025/04/24 20:28:31 Requesting task...
2025/04/24 20:28:32 Requesting task...
2025/04/24 20:28:32 Requesting task...
2025/04/24 20:28:33 Requesting task...
2025/04/24 20:28:33 Requesting task...
2025/04/24 20:28:34 Requesting task...
2025/04/24 20:28:34 Requesting task...
2025/04/24 20:28:34 Executing [1]: [Add 71 41]
2025/04/24 20:28:34 Sending result: 71 + 41 = 112
2025/04/24 20:28:34 Requesting task...
2025/04/24 20:28:34 Executing [2]: [Add 96 11]
2025/04/24 20:28:34 Sending result: 96 + 11 = 107
2025/04/24 20:28:34 Requesting task...
2025/04/24 20:28:34 Executing [3]: [Add 54 22]
2025/04/24 20:28:34 Sending result: 54 + 22 = 76
2025/04/24 20:28:34 Requesting task...
2025/04/24 20:28:35 Requesting task...
2025/04/24 20:28:35 Executing [6]: [Multiply 66 98]
2025/04/24 20:28:35 Sending result: 66 * 98 = 6468
2025/04/24 20:28:35 Requesting task...
2025/04/24 20:28:35 Executing [7]: [Multiply 54 90]
2025/04/24 20:28:35 Sending result: 54 * 90 = 4860
2025/04/24 20:28:35 Requesting task...
2025/04/24 20:28:35 Executing [8]: [Multiply 70 70]
2025/04/24 20:28:35 Sending result: 70 * 70 = 4900
2025/04/24 20:28:35 Requesting task...
2025/04/24 20:28:35 Executing [14]: [Multiply 80 31]
2025/04/24 20:28:35 Sending result: 80 * 31 = 2480
2025/04/24 20:28:35 Requesting task...
2025/04/24 20:28:35 Executing [15]: [Multiply 97 60]
2025/04/24 20:28:35 Sending result: 97 * 60 = 5820
2025/04/24 20:28:35 Requesting task...
2025/04/24 20:28:35 Executing [21]: [Mod 42 16]
2025/04/24 20:28:35 Sending result: 42 % 16 = 10
2025/04/24 20:28:35 Requesting task...
2025/04/24 20:28:35 Executing [22]: [Mod 9 62]
2025/04/24 20:28:35 Sending result: 9 % 62 = 9
2025/04/24 20:28:35 Requesting task...
2025/04/24 20:28:35 Executing [23]: [Mod 65 98]
2025/04/24 20:28:35 Sending result: 65 % 98 = 65
2025/04/24 20:28:35 Requesting task...
2025/04/24 20:28:35 Executing [29]: [Mod 55 39]
2025/04/24 20:28:35 Sending result: 55 % 39 = 16
2025/04/24 20:28:35 Requesting task...
2025/04/24 20:28:35 Executing [30]: [Mod 91 92]
2025/04/24 20:28:35 Sending result: 91 % 92 = 91
2025/04/24 20:28:35 Requesting task...
2025/04/24 20:28:35 Executing [36]: [Multiply 66 14]
2025/04/24 20:28:35 Sending result: 66 * 14 = 924
2025/04/24 20:28:35 Requesting task...
2025/04/24 20:28:35 Executing [37]: [Multiply 75 89]
2025/04/24 20:28:35 Sending result: 75 * 89 = 6675
2025/04/24 20:28:35 Requesting task...
2025/04/24 20:28:35 Executing [38]: [Multiply 48 97]
2025/04/24 20:28:35 Sending result: 48 * 97 = 4656
2025/04/24 20:28:35 Requesting task...
2025/04/24 20:28:35 Executing [1]: [Minus 25 91]
2025/04/24 20:28:35 Sending result: 25 - 91 = -66
2025/04/24 20:28:35 Requesting task...
2025/04/24 20:28:35 Executing [2]: [Minus 85 25]
2025/04/24 20:28:35 Sending result: 85 - 25 = 60
2025/04/24 20:28:35 Requesting task...
2025/04/24 20:28:35 Executing [3]: [Minus 73 40]
2025/04/24 20:28:35 Sending result: 73 - 40 = 33
2025/04/24 20:28:35 Requesting task...
2025/04/24 20:28:35 Executing [9]: [Minus 27 75]
2025/04/24 20:28:35 Sending result: 27 - 75 = -48
2025/04/24 20:28:35 Requesting task...
2025/04/24 20:28:35 Executing [10]: [Minus 8 10]
2025/04/24 20:28:35 Sending result: 8 - 10 = -2
2025/04/24 20:28:35 Requesting task...
2025/04/24 20:28:35 Executing [16]: [Power 59 20]
2025/04/24 20:28:35 Sending result: 59 ^ 20 = -9119844914577963727
2025/04/24 20:28:35 Requesting task...
2025/04/24 20:28:35 Executing [17]: [Power 33 30]
2025/04/24 20:28:35 Sending result: 33 ^ 30 = -896348285281447999
2025/04/24 20:28:35 Requesting task...
2025/04/24 20:28:35 Executing [18]: [Power 51 83]
2025/04/24 20:28:35 Sending result: 51 ^ 83 = 5998298425002593259
2025/04/24 20:28:35 Requesting task...
2025/04/24 20:28:35 Executing [24]: [Power 8 59]
2025/04/24 20:28:35 Sending result: 8 ^ 59 = 0
2025/04/24 20:28:35 Requesting task...
2025/04/24 20:28:35 Executing [25]: [Power 26 98]
2025/04/24 20:28:35 Sending result: 26 ^ 98 = 0
2025/04/24 20:28:35 Requesting task...
2025/04/24 20:28:35 Executing [31]: [Minus 77 99]
2025/04/24 20:28:35 Sending result: 77 - 99 = -22
2025/04/24 20:28:35 Requesting task...
2025/04/24 20:28:35 Executing [32]: [Minus 30 11]
2025/04/24 20:28:35 Sending result: 30 - 11 = 19
2025/04/24 20:28:35 Requesting task...
2025/04/24 20:28:35 Executing [33]: [Minus 0 14]
2025/04/24 20:28:35 Sending result: 0 - 14 = -14
2025/04/24 20:28:35 Requesting task...
2025/04/24 20:28:35 Executing [39]: [Minus 49 75]
2025/04/24 20:28:35 Sending result: 49 - 75 = -26
2025/04/24 20:28:35 Requesting task...
2025/04/24 20:28:35 Executing [40]: [Minus 41 44]
2025/04/24 20:28:35 Sending result: 41 - 44 = -3
2025/04/24 20:28:35 Requesting task...
2025/04/24 20:28:35 Executing [4]: [Add 74 11]
2025/04/24 20:28:35 Sending result: 74 + 11 = 85
2025/04/24 20:28:35 Requesting task...
2025/04/24 20:28:35 Executing [5]: [Add 47 45]
2025/04/24 20:28:35 Sending result: 47 + 45 = 92
2025/04/24 20:28:35 Requesting task...
2025/04/24 20:28:35 Executing [11]: [Subtract 14 49]
2025/04/24 20:28:35 Sending result: 14 / 49 = 0
2025/04/24 20:28:35 Requesting task...
2025/04/24 20:28:35 Executing [12]: [Subtract 17 63]
2025/04/24 20:28:35 Sending result: 17 / 63 = 0
2025/04/24 20:28:35 Requesting task...
2025/04/24 20:28:35 Executing [13]: [Subtract 10 60]
2025/04/24 20:28:35 Sending result: 10 / 60 = 0
2025/04/24 20:28:35 Requesting task...
2025/04/24 20:28:35 Executing [19]: [Subtract 85 30]
2025/04/24 20:28:35 Sending result: 85 / 30 = 2
2025/04/24 20:28:35 Requesting task...
2025/04/24 20:28:35 Executing [20]: [Subtract 60 14]
2025/04/24 20:28:35 Sending result: 60 / 14 = 4
2025/04/24 20:28:35 Requesting task...
2025/04/24 20:28:35 Executing [26]: [Add 65 96]
2025/04/24 20:28:35 Sending result: 65 + 96 = 161
2025/04/24 20:28:35 Requesting task...
2025/04/24 20:28:35 Executing [27]: [Add 89 38]
2025/04/24 20:28:35 Sending result: 89 + 38 = 127
2025/04/24 20:28:35 Requesting task...
2025/04/24 20:28:35 Executing [28]: [Add 49 22]
2025/04/24 20:28:35 Sending result: 49 + 22 = 71
2025/04/24 20:28:35 Requesting task...
2025/04/24 20:28:35 Executing [34]: [Add 63 49]
2025/04/24 20:28:35 Sending result: 63 + 49 = 112
2025/04/24 20:28:35 Requesting task...
2025/04/24 20:28:35 Executing [35]: [Add 19 29]
2025/04/24 20:28:35 Sending result: 19 + 29 = 48
2025/04/24 20:28:35 Requesting task...
2025/04/24 20:28:35 Executing [41]: [Subtract 52 25]
2025/04/24 20:28:35 Sending result: 52 / 25 = 2
2025/04/24 20:28:35 Requesting task...
2025/04/24 20:28:35 Executing [42]: [Subtract 18 67]
2025/04/24 20:28:35 Sending result: 18 / 67 = 0
2025/04/24 20:28:35 Requesting task...
2025/04/24 20:28:35 Executing [43]: [Subtract 37 88]
2025/04/24 20:28:35 Sending result: 37 / 88 = 0
2025/04/24 20:28:35 Requesting task...
2025/04/24 20:28:35 Requesting task...
2025/04/24 20:28:35 Executing [1]: [Multiply 26 6]
2025/04/24 20:28:35 Sending result: 26 * 6 = 156
2025/04/24 20:28:35 Requesting task...
2025/04/24 20:28:35 Executing [2]: [Multiply 23 30]
2025/04/24 20:28:35 Sending result: 23 * 30 = 690
2025/04/24 20:28:35 Requesting task...
2025/04/24 20:28:35 Executing [3]: [Subtract 42 57]
2025/04/24 20:28:35 Sending result: 42 / 57 = 0
2025/04/24 20:28:35 Requesting task...
2025/04/24 20:28:35 Executing [4]: [Subtract 71 6]
2025/04/24 20:28:35 Sending result: 71 / 6 = 11
2025/04/24 20:28:35 Requesting task...
2025/04/24 20:28:36 Requesting task...
2025/04/24 20:28:36 Requesting task...
2025/04/24 20:28:37 Requesting task...
2025/04/24 20:28:37 Requesting task...
2025/04/24 20:28:38 Requesting task...
2025/04/24 20:28:38 Requesting task...
2025/04/24 20:28:39 Requesting task...
2025/04/24 20:28:39 Requesting task...
2025/04/24 20:28:40 Requesting task...
2025/04/24 20:28:40 Requesting task...
2025/04/24 20:28:41 Requesting task...
2025/04/24 20:28:41 Requesting task...
2025/04/24 20:28:42 Requesting task...
2025/04/24 20:28:42 Requesting task...
2025/04/24 20:28:43 Requesting task...
2025/04/24 20:28:43 Requesting task...
2025/04/24 20:28:44 Requesting task...
2025/04/24 20:28:44 Requesting task...
2025/04/24 20:28:45 Requesting task...
2025/04/24 20:28:45 Requesting task...
2025/04/24 20:28:46 Requesting task...
2025/04/24 20:28:46 Requesting task...
2025/04/24 20:28:47 Requesting task...
2025/04/24 20:28:47 Requesting task...
2025/04/24 20:28:48 Requesting task...
2025/04/24 20:28:48 Requesting task...
2025/04/24 20:28:49 Requesting task...
2025/04/24 20:28:49 Requesting task...
2025/04/24 20:28:50 Requesting task...
2025/04/24 20:28:50 Requesting task...
2025/04/24 20:28:51 Requesting task...
2025/04/24 20:28:51 Requesting task...
2025/04/24 20:28:52 Requesting task...
2025/04/24 20:28:52 Requesting task...
2025/04/24 20:28:53 Requesting task...
2025/04/24 20:28:53 Requesting task...
2025/04/24 20:28:54 Requesting task...
2025/04/24 20:28:54 Requesting task...
2025/04/24 20:28:55 Requesting task...
2025/04/24 20:28:55 Requesting task...
2025/04/24 20:28:56 Requesting task...
2025/04/24 20:28:56 Requesting task...
2025/04/24 20:28:57 Requesting task...
2025/04/24 20:28:57 Requesting task...
2025/04/24 20:28:58 Requesting task...
2025/04/24 20:28:58 Requesting task...
2025/04/24 20:28:59 Requesting task...
2025/04/24 20:28:59 Connection lost: EOF
2025/04/24 20:28:59 Requesting task...
2025/04/24 20:28:59 Connection lost: EOF
